{"/Users/carles.nunez/Documents/git/OtherProjects/AccordionMenu/app/scripts/AccordionSMG.js": {"path":"/Users/carles.nunez/Documents/git/OtherProjects/AccordionMenu/app/scripts/AccordionSMG.js","statementMap":{"0":{"start":{"line":10,"column":8},"end":{"line":10,"column":80}},"1":{"start":{"line":11,"column":8},"end":{"line":11,"column":106}},"2":{"start":{"line":12,"column":8},"end":{"line":12,"column":47}},"3":{"start":{"line":21,"column":8},"end":{"line":27,"column":11}},"4":{"start":{"line":22,"column":12},"end":{"line":26,"column":13}},"5":{"start":{"line":23,"column":16},"end":{"line":23,"column":79}},"6":{"start":{"line":24,"column":38},"end":{"line":24,"column":73}},"7":{"start":{"line":25,"column":16},"end":{"line":25,"column":79}},"8":{"start":{"line":38,"column":8},"end":{"line":38,"column":46}},"9":{"start":{"line":46,"column":8},"end":{"line":49,"column":11}},"10":{"start":{"line":47,"column":12},"end":{"line":47,"column":73}},"11":{"start":{"line":48,"column":12},"end":{"line":48,"column":96}},"12":{"start":{"line":57,"column":8},"end":{"line":60,"column":11}},"13":{"start":{"line":58,"column":12},"end":{"line":58,"column":76}},"14":{"start":{"line":59,"column":12},"end":{"line":59,"column":93}}},"fnMap":{"0":{"name":"(anonymous_0)","decl":{"start":{"line":9,"column":4},"end":{"line":9,"column":5}},"loc":{"start":{"line":9,"column":38},"end":{"line":13,"column":5}},"line":9},"1":{"name":"(anonymous_1)","decl":{"start":{"line":20,"column":4},"end":{"line":20,"column":5}},"loc":{"start":{"line":20,"column":38},"end":{"line":28,"column":5}},"line":20},"2":{"name":"(anonymous_2)","decl":{"start":{"line":21,"column":39},"end":{"line":21,"column":40}},"loc":{"start":{"line":21,"column":59},"end":{"line":27,"column":9}},"line":21},"3":{"name":"(anonymous_3)","decl":{"start":{"line":22,"column":39},"end":{"line":22,"column":40}},"loc":{"start":{"line":22,"column":45},"end":{"line":26,"column":13}},"line":22},"4":{"name":"(anonymous_4)","decl":{"start":{"line":37,"column":4},"end":{"line":37,"column":5}},"loc":{"start":{"line":37,"column":35},"end":{"line":39,"column":5}},"line":37},"5":{"name":"(anonymous_5)","decl":{"start":{"line":45,"column":4},"end":{"line":45,"column":5}},"loc":{"start":{"line":45,"column":24},"end":{"line":50,"column":5}},"line":45},"6":{"name":"(anonymous_6)","decl":{"start":{"line":46,"column":39},"end":{"line":46,"column":40}},"loc":{"start":{"line":46,"column":59},"end":{"line":49,"column":9}},"line":46},"7":{"name":"(anonymous_7)","decl":{"start":{"line":56,"column":4},"end":{"line":56,"column":5}},"loc":{"start":{"line":56,"column":25},"end":{"line":61,"column":5}},"line":56},"8":{"name":"(anonymous_8)","decl":{"start":{"line":57,"column":39},"end":{"line":57,"column":40}},"loc":{"start":{"line":57,"column":59},"end":{"line":60,"column":9}},"line":57}},"branchMap":{},"s":{"0":5,"1":5,"2":5,"3":5,"4":15,"5":3,"6":3,"7":3,"8":2,"9":1,"10":3,"11":3,"12":1,"13":3,"14":3},"f":{"0":5,"1":5,"2":15,"3":3,"4":2,"5":1,"6":3,"7":1,"8":3},"b":{},"_coverageSchema":"332fd63041d2c1bcb487cc26dd0d5f7d97098a6c","hash":"4ddf51c11b9975efc11c1010c930e1b254ebb5fa"}
}
