TN:
SF:/Users/carles.nunez/Documents/git/OtherProjects/AccordionMenu/app/scripts/AccordionSMG.js
FN:9,(anonymous_0)
FN:20,(anonymous_1)
FN:21,(anonymous_2)
FN:22,(anonymous_3)
FN:37,(anonymous_4)
FN:45,(anonymous_5)
FN:46,(anonymous_6)
FN:56,(anonymous_7)
FN:57,(anonymous_8)
FNF:9
FNH:9
FNDA:5,(anonymous_0)
FNDA:5,(anonymous_1)
FNDA:15,(anonymous_2)
FNDA:3,(anonymous_3)
FNDA:2,(anonymous_4)
FNDA:1,(anonymous_5)
FNDA:3,(anonymous_6)
FNDA:1,(anonymous_7)
FNDA:3,(anonymous_8)
DA:10,5
DA:11,5
DA:12,5
DA:21,5
DA:22,15
DA:23,3
DA:24,3
DA:25,3
DA:38,2
DA:46,1
DA:47,3
DA:48,3
DA:57,1
DA:58,3
DA:59,3
LF:15
LH:15
BRF:0
BRH:0
end_of_record
